D:\DEV\INK\MINIMONOGAME\BIN64\CRYMONO.DLL
D:\DEV\INK\MINIMONOGAME\BIN64\CRYMONO.PDB
D:\DEV\INK\MINIMONOGAME\CODE\CRYMONO\MONODLL\X64\PROFILE\3DENGINE.OBJ
D:\DEV\INK\MINIMONOGAME\CODE\CRYMONO\MONODLL\X64\PROFILE\ACTOR.OBJ
D:\DEV\INK\MINIMONOGAME\CODE\CRYMONO\MONODLL\X64\PROFILE\ACTORSYSTEM.OBJ
D:\Dev\INK\MiniMonoGame\Code\CryMono\MonoDll\x64\Profile\cl.command.1.tlog
D:\Dev\INK\MiniMonoGame\Code\CryMono\MonoDll\x64\Profile\CL.read.1.tlog
D:\Dev\INK\MiniMonoGame\Code\CryMono\MonoDll\x64\Profile\CL.write.1.tlog
D:\DEV\INK\MINIMONOGAME\CODE\CRYMONO\MONODLL\X64\PROFILE\CONSOLE.OBJ
D:\DEV\INK\MINIMONOGAME\CODE\CRYMONO\MONODLL\X64\PROFILE\CRYMONO.DLL.INTERMEDIATE.MANIFEST
D:\Dev\INK\MiniMonoGame\Code\CryMono\MonoDll\x64\Profile\CryMono.exp
D:\Dev\INK\MiniMonoGame\Code\CryMono\MonoDll\x64\Profile\CryMono.lib
D:\DEV\INK\MINIMONOGAME\CODE\CRYMONO\MONODLL\X64\PROFILE\CRYMONO.PCH
D:\Dev\INK\MiniMonoGame\Code\CryMono\MonoDll\x64\Profile\CryMono.vcxprojResolveAssemblyReference.cache
D:\Dev\INK\MiniMonoGame\Code\CryMono\MonoDll\x64\Profile\CryMono.write.1.tlog
D:\DEV\INK\MINIMONOGAME\CODE\CRYMONO\MONODLL\X64\PROFILE\CRYMONODLL.OBJ
D:\DEV\INK\MINIMONOGAME\CODE\CRYMONO\MONODLL\X64\PROFILE\DEBUG.OBJ
D:\DEV\INK\MINIMONOGAME\CODE\CRYMONO\MONODLL\X64\PROFILE\ENTITY.OBJ
D:\DEV\INK\MINIMONOGAME\CODE\CRYMONO\MONODLL\X64\PROFILE\FLOWMANAGER.OBJ
D:\DEV\INK\MINIMONOGAME\CODE\CRYMONO\MONODLL\X64\PROFILE\GAMERULES.OBJ
D:\DEV\INK\MINIMONOGAME\CODE\CRYMONO\MONODLL\X64\PROFILE\ITEMSYSTEM.OBJ
D:\DEV\INK\MINIMONOGAME\CODE\CRYMONO\MONODLL\X64\PROFILE\LEVELSYSTEM.OBJ
D:\Dev\INK\MiniMonoGame\Code\CryMono\MonoDll\x64\Profile\link.command.1.tlog
D:\Dev\INK\MiniMonoGame\Code\CryMono\MonoDll\x64\Profile\link.read.1.tlog
D:\Dev\INK\MiniMonoGame\Code\CryMono\MonoDll\x64\Profile\link.write.1.tlog
D:\DEV\INK\MINIMONOGAME\CODE\CRYMONO\MONODLL\X64\PROFILE\MATERIALMANAGER.OBJ
D:\DEV\INK\MINIMONOGAME\CODE\CRYMONO\MONODLL\X64\PROFILE\MONOARRAY.OBJ
D:\DEV\INK\MINIMONOGAME\CODE\CRYMONO\MONODLL\X64\PROFILE\MONOASSEMBLY.OBJ
D:\DEV\INK\MINIMONOGAME\CODE\CRYMONO\MONODLL\X64\PROFILE\MONOCLASS.OBJ
D:\DEV\INK\MINIMONOGAME\CODE\CRYMONO\MONODLL\X64\PROFILE\MONOCONVERTER.OBJ
D:\DEV\INK\MINIMONOGAME\CODE\CRYMONO\MONODLL\X64\PROFILE\MONOCVARS.OBJ
D:\DEV\INK\MINIMONOGAME\CODE\CRYMONO\MONODLL\X64\PROFILE\MONODOMAIN.OBJ
D:\DEV\INK\MINIMONOGAME\CODE\CRYMONO\MONODLL\X64\PROFILE\MONOENTITY.OBJ
D:\DEV\INK\MINIMONOGAME\CODE\CRYMONO\MONODLL\X64\PROFILE\MONOENTITYCLASS.OBJ
D:\DEV\INK\MINIMONOGAME\CODE\CRYMONO\MONODLL\X64\PROFILE\MONOENTITYPROPERTYHANDLER.OBJ
D:\DEV\INK\MINIMONOGAME\CODE\CRYMONO\MONODLL\X64\PROFILE\MONOFLOWNODE.OBJ
D:\DEV\INK\MINIMONOGAME\CODE\CRYMONO\MONODLL\X64\PROFILE\MONOINPUT.OBJ
D:\DEV\INK\MINIMONOGAME\CODE\CRYMONO\MONODLL\X64\PROFILE\MONOOBJECT.OBJ
D:\DEV\INK\MINIMONOGAME\CODE\CRYMONO\MONODLL\X64\PROFILE\MONOSCRIPTSYSTEM.OBJ
D:\Dev\INK\MiniMonoGame\Code\CryMono\MonoDll\x64\Profile\mt.command.1.tlog
D:\Dev\INK\MiniMonoGame\Code\CryMono\MonoDll\x64\Profile\mt.read.1.tlog
D:\Dev\INK\MiniMonoGame\Code\CryMono\MonoDll\x64\Profile\mt.write.1.tlog
D:\DEV\INK\MINIMONOGAME\CODE\CRYMONO\MONODLL\X64\PROFILE\NETWORK.OBJ
D:\DEV\INK\MINIMONOGAME\CODE\CRYMONO\MONODLL\X64\PROFILE\PARTICLESYSTEM.OBJ
D:\DEV\INK\MINIMONOGAME\CODE\CRYMONO\MONODLL\X64\PROFILE\PHYSICS.OBJ
D:\DEV\INK\MINIMONOGAME\CODE\CRYMONO\MONODLL\X64\PROFILE\RENDERER.OBJ
D:\DEV\INK\MINIMONOGAME\CODE\CRYMONO\MONODLL\X64\PROFILE\SCRIPTINTERFACE.OBJ
D:\DEV\INK\MINIMONOGAME\CODE\CRYMONO\MONODLL\X64\PROFILE\SCRIPTMANAGER.OBJ
D:\DEV\INK\MINIMONOGAME\CODE\CRYMONO\MONODLL\X64\PROFILE\STDAFX.OBJ
D:\DEV\INK\MINIMONOGAME\CODE\CRYMONO\MONODLL\X64\PROFILE\UI.OBJ
D:\DEV\INK\MINIMONOGAME\CODE\CRYMONO\MONODLL\X64\PROFILE\VC100.PDB
D:\DEV\INK\MINIMONOGAME\CODE\CRYMONO\MONODLL\X64\PROFILE\VIEWSYSTEM.OBJ
D:\Dev\INK\MiniMonoGame\Code\CryMono\Solutions\..\..\..\Bin64\CryMono.dll
D:\Dev\INK\MiniMonoGame\Code\CryMono\Solutions\..\..\..\Bin64\CryMono.pdb
