Build started 18-Jun-12 11:45:55.
     1>Project "D:\Dev\INK\MiniMonoGame\Code\CryMono\MonoDll\CryMono.vcxproj" on node 2 (build target(s)).
     1>C:\Program Files (x86)\MSBuild\Microsoft.Cpp\v4.0\Microsoft.CppBuild.targets(299,5): warning MSB8004: Output Directory does not end with a trailing slash.  This build instance will add the slash as it is required to allow proper evaluation of the Output Directory.
     1>InitializeBuildStatus:
         Creating "x64\Profile\CryMono.unsuccessfulbuild" because "AlwaysCreate" was specified.
       ClCompile:
         All outputs are up-to-date.
         C:\Program Files (x86)\Microsoft Visual Studio 10.0\VC\bin\x86_amd64\CL.exe /c /I.\ /I..\..\CryEngine\CryCommon /I..\..\CryEngine\CryAction /I..\..\SDKs\ /I..\..\SDKs\boost /IHeaders /I..\ /Zi /nologo /WX- /O2 /Ob2 /Oi /Ot /Oy /GL /D _WINDLL /D _MBCS /GF /EHsc /MD /GS- /Gy /fp:precise /Zc:wchar_t /Zc:forScope /GR- /Yu"StdAfx.h" /Fp"x64\Profile\CryMono.pch" /Fo"x64\Profile\\" /Fd"x64\Profile\vc100.pdb" /Gd /TP /errorReport:prompt ScriptBinds\MaterialManager.cpp
         MaterialManager.cpp
       Link:
         C:\Program Files (x86)\Microsoft Visual Studio 10.0\VC\bin\x86_amd64\link.exe /ERRORREPORT:PROMPT /OUT:"D:\Dev\INK\MiniMonoGame\Code\CryMono\Solutions\..\..\..\Bin64\CryMono.dll" /INCREMENTAL:NO /NOLOGO /LIBPATH:Libraries/x64 mono.lib kernel32.lib user32.lib gdi32.lib winspool.lib comdlg32.lib advapi32.lib shell32.lib ole32.lib oleaut32.lib uuid.lib odbc32.lib odbccp32.lib kernel32.lib user32.lib gdi32.lib winspool.lib comdlg32.lib advapi32.lib shell32.lib ole32.lib oleaut32.lib uuid.lib odbc32.lib odbccp32.lib /MANIFEST /ManifestFile:"x64\Profile\CryMono.dll.intermediate.manifest" /MANIFESTUAC:"level='asInvoker' uiAccess='false'" /DEBUG /PDB:"D:\Dev\INK\MiniMonoGame\Bin64\CryMono.pdb" /SUBSYSTEM:WINDOWS /OPT:REF /OPT:ICF /LTCG /TLBID:1 /DYNAMICBASE:NO /NXCOMPAT /IMPLIB:"x64\Profile\CryMono.lib" /MACHINE:X64 /DLL x64\Profile\Actor.obj
         x64\Profile\FlowManager.obj
         x64\Profile\MonoConverter.obj
         x64\Profile\MonoCVars.obj
         x64\Profile\MonoDomain.obj
         x64\Profile\MonoEntity.obj
         x64\Profile\MonoFlowNode.obj
         x64\Profile\MonoInput.obj
         x64\Profile\MonoObject.obj
         x64\Profile\MonoScriptSystem.obj
         x64\Profile\MonoArray.obj
         x64\Profile\MonoAssembly.obj
         x64\Profile\CryMonoDll.obj
         x64\Profile\MonoClass.obj
         x64\Profile\MonoEntityClass.obj
         x64\Profile\MonoEntityPropertyHandler.obj
         x64\Profile\ActorSystem.obj
         x64\Profile\Entity.obj
         x64\Profile\ItemSystem.obj
         x64\Profile\Console.obj
         x64\Profile\3DEngine.obj
         x64\Profile\Debug.obj
         x64\Profile\GameRules.obj
         x64\Profile\LevelSystem.obj
         x64\Profile\Network.obj
         x64\Profile\ParticleSystem.obj
         x64\Profile\Physics.obj
         x64\Profile\Renderer.obj
         x64\Profile\MaterialManager.obj
         x64\Profile\ScriptInterface.obj
         x64\Profile\UI.obj
         x64\Profile\ViewSystem.obj
         x64\Profile\ScriptManager.obj
         x64\Profile\stdafx.obj
            Creating library x64\Profile\CryMono.lib and object x64\Profile\CryMono.exp
         Generating code
         Finished generating code
         CryMono.vcxproj -> D:\Dev\INK\MiniMonoGame\Code\CryMono\Solutions\..\..\..\Bin64\CryMono.dll
       Manifest:
         C:\Program Files (x86)\Microsoft SDKs\Windows\v7.0A\bin\mt.exe /nologo /verbose /outputresource:"D:\Dev\INK\MiniMonoGame\Code\CryMono\Solutions\..\..\..\Bin64\CryMono.dll;#2" /manifest x64\Profile\CryMono.dll.intermediate.manifest
       FinalizeBuildStatus:
         Deleting file "x64\Profile\CryMono.unsuccessfulbuild".
         Touching "x64\Profile\CryMono.lastbuildstate".
     1>Done Building Project "D:\Dev\INK\MiniMonoGame\Code\CryMono\MonoDll\CryMono.vcxproj" (build target(s)).

Build succeeded.

Time Elapsed 00:00:11.99
